<?xml version="1.0" encoding="UTF-8"?>
<testng-results skipped="0" failed="1" ignored="0" total="1" passed="0">
  <reporter-output>
  </reporter-output>
  <suite name="Default suite" duration-ms="241" started-at="2018-08-29T16:18:23Z" finished-at="2018-08-29T16:18:23Z">
    <groups>
    </groups>
    <test name="Default test" duration-ms="241" started-at="2018-08-29T16:18:23Z" finished-at="2018-08-29T16:18:23Z">
      <class name="Mobile.test">
        <test-method status="PASS" signature="AppiumInitialization()[pri:0, instance:Mobile.test@685cb137]" name="AppiumInitialization" is-config="true" duration-ms="39" started-at="2018-08-29T16:18:23Z" finished-at="2018-08-29T16:18:23Z">
          <reporter-output>
          </reporter-output>
        </test-method> <!-- AppiumInitialization -->
        <test-method status="FAIL" signature="startAppiumService()[pri:0, instance:Mobile.test@685cb137]" name="startAppiumService" duration-ms="181" started-at="2018-08-29T16:18:23Z" finished-at="2018-08-29T16:18:23Z">
          <exception class="io.appium.java_client.service.local.AppiumServerHasNotBeenStartedLocallyException">
            <message>
              <![CDATA[The local appium server has not been started. The given Node.js executable: /usr/local/bin/node Arguments: [/Users/anoopambunhi/node_modules/appium/build/lib/appium.js, --port, 23220, --address, 127.0.0.1, --log-level, info] 
]]>
            </message>
            <full-stacktrace>
              <![CDATA[io.appium.java_client.service.local.AppiumServerHasNotBeenStartedLocallyException: The local appium server has not been started. The given Node.js executable: /usr/local/bin/node Arguments: [/Users/anoopambunhi/node_modules/appium/build/lib/appium.js, --port, 23220, --address, 127.0.0.1, --log-level, info] 

at io.appium.java_client.service.local.AppiumDriverLocalService.start(AppiumDriverLocalService.java:155)
at Mobile.test.startAppiumService(test.java:33)
at sun.reflect.NativeMethodAccessorImpl.invoke0(Native Method)
at sun.reflect.NativeMethodAccessorImpl.invoke(NativeMethodAccessorImpl.java:62)
at sun.reflect.DelegatingMethodAccessorImpl.invoke(DelegatingMethodAccessorImpl.java:43)
at java.lang.reflect.Method.invoke(Method.java:498)
at org.testng.internal.MethodInvocationHelper.invokeMethod(MethodInvocationHelper.java:124)
at org.testng.internal.Invoker.invokeMethod(Invoker.java:583)
at org.testng.internal.Invoker.invokeTestMethod(Invoker.java:719)
at org.testng.internal.Invoker.invokeTestMethods(Invoker.java:989)
at org.testng.internal.TestMethodWorker.invokeTestMethods(TestMethodWorker.java:125)
at org.testng.internal.TestMethodWorker.run(TestMethodWorker.java:109)
at org.testng.TestRunner.privateRun(TestRunner.java:648)
at org.testng.TestRunner.run(TestRunner.java:505)
at org.testng.SuiteRunner.runTest(SuiteRunner.java:455)
at org.testng.SuiteRunner.runSequentially(SuiteRunner.java:450)
at org.testng.SuiteRunner.privateRun(SuiteRunner.java:415)
at org.testng.SuiteRunner.run(SuiteRunner.java:364)
at org.testng.SuiteRunnerWorker.runSuite(SuiteRunnerWorker.java:52)
at org.testng.SuiteRunnerWorker.run(SuiteRunnerWorker.java:84)
at org.testng.TestNG.runSuitesSequentially(TestNG.java:1208)
at org.testng.TestNG.runSuitesLocally(TestNG.java:1137)
at org.testng.TestNG.runSuites(TestNG.java:1049)
at org.testng.TestNG.run(TestNG.java:1017)
at org.testng.remote.AbstractRemoteTestNG.run(AbstractRemoteTestNG.java:114)
at org.testng.remote.RemoteTestNG.initAndRun(RemoteTestNG.java:251)
at org.testng.remote.RemoteTestNG.main(RemoteTestNG.java:77)
Caused by: java.lang.NoSuchMethodError: com.google.common.util.concurrent.SimpleTimeLimiter.create(Ljava/util/concurrent/ExecutorService;)Lcom/google/common/util/concurrent/SimpleTimeLimiter;
at org.openqa.selenium.net.UrlChecker.<init>(UrlChecker.java:62)
at io.appium.java_client.service.local.AppiumDriverLocalService.ping(AppiumDriverLocalService.java:115)
at io.appium.java_client.service.local.AppiumDriverLocalService.start(AppiumDriverLocalService.java:142)
... 26 more
]]>
            </full-stacktrace>
          </exception> <!-- io.appium.java_client.service.local.AppiumServerHasNotBeenStartedLocallyException -->
          <reporter-output>
          </reporter-output>
        </test-method> <!-- startAppiumService -->
        <test-method status="PASS" signature="stopAppiumService()[pri:0, instance:Mobile.test@685cb137]" name="stopAppiumService" is-config="true" duration-ms="0" started-at="2018-08-29T16:18:23Z" finished-at="2018-08-29T16:18:23Z">
          <reporter-output>
          </reporter-output>
        </test-method> <!-- stopAppiumService -->
      </class> <!-- Mobile.test -->
    </test> <!-- Default test -->
  </suite> <!-- Default suite -->
</testng-results>
